#
# There is insufficient memory for the Java Runtime Environment to continue.
# Native memory allocation (malloc) failed to allocate 1201136 bytes for Chunk::new
# Possible reasons:
#   The system is out of physical RAM or swap space
#   In 32 bit mode, the process size limit was hit
# Possible solutions:
#   Reduce memory load on the system
#   Increase physical memory or swap space
#   Check if swap backing store is full
#   Use 64 bit Java on a 64 bit OS
#   Decrease Java heap size (-Xmx/-Xms)
#   Decrease number of Java threads
#   Decrease Java thread stack sizes (-Xss)
#   Set larger code cache with -XX:ReservedCodeCacheSize=
# This output file may be truncated or incomplete.
#
#  Out of Memory Error (allocation.cpp:390), pid=7536, tid=0x0000000000004b2c
#
# JRE version: OpenJDK Runtime Environment (8.0_76-b03) (build 1.8.0_76-release-b03)
# Java VM: OpenJDK 64-Bit Server VM (25.76-b03 mixed mode windows-amd64 compressed oops)
# Failed to write core dump. Minidumps are not enabled by default on client versions of Windows
#

---------------  T H R E A D  ---------------

Current thread (0x0000000016529800):  JavaThread "C2 CompilerThread1" daemon [_thread_in_native, id=19244, stack(0x0000000017b90000,0x0000000017c90000)]

Stack: [0x0000000017b90000,0x0000000017c90000]
[error occurred during error reporting (printing stack bounds), id 0xc0000005]

Native frames: (J=compiled Java code, j=interpreted, Vv=VM code, C=native code)


Current CompileTask:
C2:  43531 13092 %     4       com.android.dx.ssa.back.IdenticalBlockCombiner::process @ 161 (323 bytes)


---------------  P R O C E S S  ---------------

Java Threads: ( => current thread )
  0x000000001f345800 JavaThread "pool-75-thread-4" [_thread_blocked, id=20012, stack(0x000000002bb70000,0x000000002bc70000)]
  0x000000001f34c800 JavaThread "pool-75-thread-3" [_thread_blocked, id=12616, stack(0x000000002ba70000,0x000000002bb70000)]
  0x000000001f348000 JavaThread "pool-75-thread-2" [_thread_blocked, id=13976, stack(0x000000002b970000,0x000000002ba70000)]
  0x000000001f34a800 JavaThread "pool-76-thread-1" [_thread_blocked, id=18740, stack(0x000000002b870000,0x000000002b970000)]
  0x000000001f349800 JavaThread "pool-75-thread-1" [_thread_blocked, id=10028, stack(0x000000002b770000,0x000000002b870000)]
  0x000000001f345000 JavaThread "pool-72-thread-4" [_thread_blocked, id=17272, stack(0x000000002b670000,0x000000002b770000)]
  0x000000001f34c000 JavaThread "pool-72-thread-3" [_thread_blocked, id=11152, stack(0x000000002b570000,0x000000002b670000)]
  0x00000000186ca000 JavaThread "pool-72-thread-2" [_thread_blocked, id=10912, stack(0x000000002b470000,0x000000002b570000)]
  0x00000000186c8000 JavaThread "pool-73-thread-1" [_thread_blocked, id=12328, stack(0x000000002b370000,0x000000002b470000)]
  0x00000000186be800 JavaThread "pool-72-thread-1" [_thread_blocked, id=17888, stack(0x000000002b270000,0x000000002b370000)]
  0x00000000186cd800 JavaThread "pool-69-thread-3" [_thread_blocked, id=2664, stack(0x000000002af70000,0x000000002b070000)]
  0x00000000186c6000 JavaThread "pool-70-thread-1" [_thread_blocked, id=13008, stack(0x000000002ad70000,0x000000002ae70000)]
  0x00000000186cc000 JavaThread "pool-66-thread-4" [_thread_blocked, id=9760, stack(0x000000002ab70000,0x000000002ac70000)]
  0x00000000186c7800 JavaThread "pool-66-thread-3" [_thread_blocked, id=19372, stack(0x000000002aa70000,0x000000002ab70000)]
  0x00000000186cb800 JavaThread "pool-66-thread-2" [_thread_blocked, id=84, stack(0x000000002a970000,0x000000002aa70000)]
  0x00000000186c9000 JavaThread "pool-67-thread-1" [_thread_blocked, id=15680, stack(0x000000002a870000,0x000000002a970000)]
  0x00000000186ca800 JavaThread "pool-66-thread-1" [_thread_blocked, id=14236, stack(0x000000002a770000,0x000000002a870000)]
  0x00000000186c3800 JavaThread "pool-7-thread-3" [_thread_blocked, id=18372, stack(0x0000000024170000,0x0000000024270000)]
  0x00000000186c5000 JavaThread "pool-7-thread-2" [_thread_in_Java, id=6908, stack(0x0000000024070000,0x0000000024170000)]
  0x00000000186bf000 JavaThread "pool-7-thread-4" [_thread_in_vm, id=1180, stack(0x0000000023f70000,0x0000000024070000)]
  0x00000000186c3000 JavaThread "pool-7-thread-1" [_thread_blocked, id=18676, stack(0x0000000023e70000,0x0000000023f70000)]
  0x00000000186c0800 JavaThread "pool-3-thread-4" [_thread_blocked, id=9240, stack(0x0000000022170000,0x0000000022270000)]
  0x00000000186c0000 JavaThread "pool-3-thread-3" [_thread_blocked, id=20684, stack(0x0000000022070000,0x0000000022170000)]
  0x00000000186c1800 JavaThread "pool-3-thread-2" [_thread_blocked, id=20640, stack(0x0000000021f70000,0x0000000022070000)]
  0x000000001c011000 JavaThread "pool-3-thread-1" [_thread_blocked, id=3592, stack(0x0000000021e70000,0x0000000021f70000)]
  0x000000001c018000 JavaThread "Cache update executor" [_thread_blocked, id=1120, stack(0x0000000020cc0000,0x0000000020dc0000)]
  0x000000001c014000 JavaThread "File lock request listener" [_thread_in_native, id=9828, stack(0x000000001d170000,0x000000001d270000)]
  0x00000000194f3800 JavaThread "Stdin handler" [_thread_blocked, id=10960, stack(0x000000001aad0000,0x000000001abd0000)]
  0x00000000194f2800 JavaThread "Asynchronous log dispatcher for DefaultDaemonConnection: socket connection from /127.0.0.1:55589 to /127.0.0.1:55590" [_thread_blocked, id=11352, stack(0x000000001a9d0000,0x000000001aad0000)]
  0x00000000194ee000 JavaThread "Daemon worker" [_thread_blocked, id=5512, stack(0x000000001a8d0000,0x000000001a9d0000)]
  0x00000000194e7000 JavaThread "Cancel handler" [_thread_blocked, id=4696, stack(0x000000001a7d0000,0x000000001a8d0000)]
  0x00000000192f8000 JavaThread "Handler for socket connection from /127.0.0.1:55589 to /127.0.0.1:55590" [_thread_in_native, id=19936, stack(0x000000001a6d0000,0x000000001a7d0000)]
  0x00000000196d4000 JavaThread "Daemon" [_thread_blocked, id=4032, stack(0x000000001a5d0000,0x000000001a6d0000)]
  0x0000000019449000 JavaThread "pool-1-thread-1" [_thread_blocked, id=17252, stack(0x000000001a4d0000,0x000000001a5d0000)]
  0x00000000192e0000 JavaThread "Incoming local TCP Connector on port 55589" [_thread_in_native, id=20264, stack(0x000000001a0a0000,0x000000001a1a0000)]
  0x0000000017db5000 JavaThread "Service Thread" daemon [_thread_blocked, id=5648, stack(0x0000000018190000,0x0000000018290000)]
  0x0000000016522800 JavaThread "C1 CompilerThread2" daemon [_thread_in_vm, id=19788, stack(0x0000000017c90000,0x0000000017d90000)]
=>0x0000000016529800 JavaThread "C2 CompilerThread1" daemon [_thread_in_native, id=19244, stack(0x0000000017b90000,0x0000000017c90000)]
  0x0000000016528800 JavaThread "C2 CompilerThread0" daemon [_thread_in_native, id=4020, stack(0x0000000017a90000,0x0000000017b90000)]
  0x0000000016526800 JavaThread "Attach Listener" daemon [_thread_blocked, id=6768, stack(0x0000000017990000,0x0000000017a90000)]
  0x0000000016525800 JavaThread "Signal Dispatcher" daemon [_thread_blocked, id=9132, stack(0x0000000017890000,0x0000000017990000)]
  0x0000000002bab800 JavaThread "Finalizer" daemon [_thread_blocked, id=3924, stack(0x0000000017790000,0x0000000017890000)]
  0x0000000002ba0800 JavaThread "Reference Handler" daemon [_thread_blocked, id=2340, stack(0x0000000017690000,0x0000000017790000)]
  0x0000000002aae000 JavaThread "main" [_thread_blocked, id=21484, stack(0x00000000028b0000,0x00000000029b0000)]

Other Threads:
  0x00000000164e6000 VMThread [stack: 0x0000000017590000,0x0000000017690000] [id=11412]
  0x0000000017db5800 WatcherThread [stack: 0x0000000018290000,0x0000000018390000] [id=6956]

VM state:not at safepoint (normal execution)

VM Mutex/Monitor currently owned by a thread:  ([mutex/lock_event])
[0x0000000002ab0cd0] CompiledIC_lock - owner thread: 0x0000000000000000

Heap:
 PSYoungGen      total 172544K, used 66081K [0x00000000e0000000, 0x00000000ec300000, 0x0000000100000000)
  eden space 155648K, 31% used [0x00000000e0000000,0x00000000e300e5c8,0x00000000e9800000)
  from space 16896K, 99% used [0x00000000eaa00000,0x00000000eba79ed8,0x00000000eba80000)
  to   space 18432K, 0% used [0x00000000e9800000,0x00000000e9800000,0x00000000eaa00000)
 ParOldGen       total 165376K, used 106771K [0x00000000a0000000, 0x00000000aa180000, 0x00000000e0000000)
  object space 165376K, 64% used [0x00000000a0000000,0x00000000a6844d48,0x00000000aa180000)
 Metaspace       used 64183K, capacity 66184K, committed 66560K, reserved 1107968K
  class space    used 8214K, capacity 8635K, committed 8704K, reserved 1048576K

Card table byte_map: [0x0000000011f70000,0x0000000012280000] byte_map_base: 0x0000000011a70000

Marking Bits: (ParMarkBitMap*) 0x000000005ea19d00
 Begin Bits: [0x0000000012880000, 0x0000000014080000)
 End Bits:   [0x0000000014080000, 0x0000000015880000)

Polling page: 0x0000000000c90000

CodeCache: size=245760Kb used=37110Kb max_used=37388Kb free=208649Kb
 bounds [0x0000000002bb0000, 0x00000000050b0000, 0x0000000011bb0000]
 total_blobs=11425 nmethods=10639 adapters=698
 compilation: enabled

Compilation events (10 events):
Event: 43.392 Thread 0x0000000016522800 13122       2       com.android.dx.ssa.back.FirstFitLocalCombiningAllocator::ssaSetToSpecs (57 bytes)
Event: 43.393 Thread 0x0000000016522800 nmethod 13122 0x00000000038aa110 code [0x00000000038aa320, 0x00000000038aa9a8]
Event: 43.424 Thread 0x0000000016522800 13124       2       com.android.dx.util.BitIntSet::elements (8 bytes)
Event: 43.424 Thread 0x0000000016522800 nmethod 13124 0x00000000044e7c90 code [0x00000000044e7e00, 0x00000000044e8008]
Event: 43.435 Thread 0x0000000016522800 13125 %     3       com.android.dx.cf.iface.StdAttributeList::findNext @ 47 (85 bytes)
Event: 43.436 Thread 0x0000000016522800 nmethod 13125% 0x0000000004b2ea10 code [0x0000000004b2ec00, 0x0000000004b2f888]
Event: 43.485 Thread 0x0000000016522800 13127   !   2       java.lang.ThreadGroup::remove (94 bytes)
Event: 43.486 Thread 0x0000000016522800 nmethod 13127 0x0000000004803ed0 code [0x0000000004804060, 0x0000000004804548]
Event: 43.517 Thread 0x0000000016522800 13128 %     3       com.android.dx.ssa.PhiTypeResolver::resolveResultType @ 87 (308 bytes)
Event: 43.521 Thread 0x0000000016522800 nmethod 13128% 0x0000000004aae050 code [0x0000000004aae500, 0x0000000004ab1dd8]

GC Heap History (10 events):
Event: 40.785 GC heap before
{Heap before GC invocations=20 (full 3):
 PSYoungGen      total 172544K, used 172524K [0x00000000e0000000, 0x00000000ec300000, 0x0000000100000000)
  eden space 155648K, 100% used [0x00000000e0000000,0x00000000e9800000,0x00000000e9800000)
  from space 16896K, 99% used [0x00000000eaa00000,0x00000000eba7b0e0,0x00000000eba80000)
  to   space 18432K, 0% used [0x00000000e9800000,0x00000000e9800000,0x00000000eaa00000)
 ParOldGen       total 102912K, used 74923K [0x00000000a0000000, 0x00000000a6480000, 0x00000000e0000000)
  object space 102912K, 72% used [0x00000000a0000000,0x00000000a492aef8,0x00000000a6480000)
 Metaspace       used 64176K, capacity 66316K, committed 66560K, reserved 1107968K
  class space    used 8231K, capacity 8663K, committed 8704K, reserved 1048576K
Event: 40.839 GC heap after
Heap after GC invocations=20 (full 3):
 PSYoungGen      total 174080K, used 17608K [0x00000000e0000000, 0x00000000ec300000, 0x0000000100000000)
  eden space 155648K, 0% used [0x00000000e0000000,0x00000000e0000000,0x00000000e9800000)
  from space 18432K, 95% used [0x00000000e9800000,0x00000000ea932040,0x00000000eaa00000)
  to   space 16896K, 0% used [0x00000000eaa00000,0x00000000eaa00000,0x00000000eba80000)
 ParOldGen       total 102912K, used 84737K [0x00000000a0000000, 0x00000000a6480000, 0x00000000e0000000)
  object space 102912K, 82% used [0x00000000a0000000,0x00000000a52c0590,0x00000000a6480000)
 Metaspace       used 64176K, capacity 66316K, committed 66560K, reserved 1107968K
  class space    used 8231K, capacity 8663K, committed 8704K, reserved 1048576K
}
Event: 40.839 GC heap before
{Heap before GC invocations=21 (full 4):
 PSYoungGen      total 174080K, used 17608K [0x00000000e0000000, 0x00000000ec300000, 0x0000000100000000)
  eden space 155648K, 0% used [0x00000000e0000000,0x00000000e0000000,0x00000000e9800000)
  from space 18432K, 95% used [0x00000000e9800000,0x00000000ea932040,0x00000000eaa00000)
  to   space 16896K, 0% used [0x00000000eaa00000,0x00000000eaa00000,0x00000000eba80000)
 ParOldGen       total 102912K, used 84737K [0x00000000a0000000, 0x00000000a6480000, 0x00000000e0000000)
  object space 102912K, 82% used [0x00000000a0000000,0x00000000a52c0590,0x00000000a6480000)
 Metaspace       used 64176K, capacity 66316K, committed 66560K, reserved 1107968K
  class space    used 8231K, capacity 8663K, committed 8704K, reserved 1048576K
Event: 41.052 GC heap after
Heap after GC invocations=21 (full 4):
 PSYoungGen      total 174080K, used 0K [0x00000000e0000000, 0x00000000ec300000, 0x0000000100000000)
  eden space 155648K, 0% used [0x00000000e0000000,0x00000000e0000000,0x00000000e9800000)
  from space 18432K, 0% used [0x00000000e9800000,0x00000000e9800000,0x00000000eaa00000)
  to   space 16896K, 0% used [0x00000000eaa00000,0x00000000eaa00000,0x00000000eba80000)
 ParOldGen       total 165376K, used 44272K [0x00000000a0000000, 0x00000000aa180000, 0x00000000e0000000)
  object space 165376K, 26% used [0x00000000a0000000,0x00000000a2b3c368,0x00000000aa180000)
 Metaspace       used 64080K, capacity 66120K, committed 66560K, reserved 1107968K
  class space    used 8213K, capacity 8635K, committed 8704K, reserved 1048576K
}
Event: 41.790 GC heap before
{Heap before GC invocations=22 (full 4):
 PSYoungGen      total 174080K, used 155648K [0x00000000e0000000, 0x00000000ec300000, 0x0000000100000000)
  eden space 155648K, 100% used [0x00000000e0000000,0x00000000e9800000,0x00000000e9800000)
  from space 18432K, 0% used [0x00000000e9800000,0x00000000e9800000,0x00000000eaa00000)
  to   space 16896K, 0% used [0x00000000eaa00000,0x00000000eaa00000,0x00000000eba80000)
 ParOldGen       total 165376K, used 44272K [0x00000000a0000000, 0x00000000aa180000, 0x00000000e0000000)
  object space 165376K, 26% used [0x00000000a0000000,0x00000000a2b3c368,0x00000000aa180000)
 Metaspace       used 64118K, capacity 66120K, committed 66560K, reserved 1107968K
  class space    used 8213K, capacity 8635K, committed 8704K, reserved 1048576K
Event: 41.834 GC heap after
Heap after GC invocations=22 (full 4):
 PSYoungGen      total 172544K, used 16867K [0x00000000e0000000, 0x00000000ec300000, 0x0000000100000000)
  eden space 155648K, 0% used [0x00000000e0000000,0x00000000e0000000,0x00000000e9800000)
  from space 16896K, 99% used [0x00000000eaa00000,0x00000000eba78e48,0x00000000eba80000)
  to   space 18432K, 0% used [0x00000000e9800000,0x00000000e9800000,0x00000000eaa00000)
 ParOldGen       total 165376K, used 46923K [0x00000000a0000000, 0x00000000aa180000, 0x00000000e0000000)
  object space 165376K, 28% used [0x00000000a0000000,0x00000000a2dd2ef8,0x00000000aa180000)
 Metaspace       used 64118K, capacity 66120K, committed 66560K, reserved 1107968K
  class space    used 8213K, capacity 8635K, committed 8704K, reserved 1048576K
}
Event: 42.546 GC heap before
{Heap before GC invocations=23 (full 4):
 PSYoungGen      total 172544K, used 172515K [0x00000000e0000000, 0x00000000ec300000, 0x0000000100000000)
  eden space 155648K, 100% used [0x00000000e0000000,0x00000000e9800000,0x00000000e9800000)
  from space 16896K, 99% used [0x00000000eaa00000,0x00000000eba78e48,0x00000000eba80000)
  to   space 18432K, 0% used [0x00000000e9800000,0x00000000e9800000,0x00000000eaa00000)
 ParOldGen       total 165376K, used 46923K [0x00000000a0000000, 0x00000000aa180000, 0x00000000e0000000)
  object space 165376K, 28% used [0x00000000a0000000,0x00000000a2dd2ef8,0x00000000aa180000)
 Metaspace       used 64173K, capacity 66184K, committed 66560K, reserved 1107968K
  class space    used 8214K, capacity 8635K, committed 8704K, reserved 1048576K
Event: 42.608 GC heap after
Heap after GC invocations=23 (full 4):
 PSYoungGen      total 174080K, used 18431K [0x00000000e0000000, 0x00000000ec300000, 0x0000000100000000)
  eden space 155648K, 0% used [0x00000000e0000000,0x00000000e0000000,0x00000000e9800000)
  from space 18432K, 99% used [0x00000000e9800000,0x00000000ea9ffc50,0x00000000eaa00000)
  to   space 16896K, 0% used [0x00000000eaa00000,0x00000000eaa00000,0x00000000eba80000)
 ParOldGen       total 165376K, used 68138K [0x00000000a0000000, 0x00000000aa180000, 0x00000000e0000000)
  object space 165376K, 41% used [0x00000000a0000000,0x00000000a428ab78,0x00000000aa180000)
 Metaspace       used 64173K, capacity 66184K, committed 66560K, reserved 1107968K
  class space    used 8214K, capacity 8635K, committed 8704K, reserved 1048576K
}
Event: 43.255 GC heap before
{Heap before GC invocations=24 (full 4):
 PSYoungGen      total 174080K, used 174079K [0x00000000e0000000, 0x00000000ec300000, 0x0000000100000000)
  eden space 155648K, 100% used [0x00000000e0000000,0x00000000e9800000,0x00000000e9800000)
  from space 18432K, 99% used [0x00000000e9800000,0x00000000ea9ffc50,0x00000000eaa00000)
  to   space 16896K, 0% used [0x00000000eaa00000,0x00000000eaa00000,0x00000000eba80000)
 ParOldGen       total 165376K, used 68138K [0x00000000a0000000, 0x00000000aa180000, 0x00000000e0000000)
  object space 165376K, 41% used [0x00000000a0000000,0x00000000a428ab78,0x00000000aa180000)
 Metaspace       used 64181K, capacity 66184K, committed 66560K, reserved 1107968K
  class space    used 8214K, capacity 8635K, committed 8704K, reserved 1048576K
Event: 43.320 GC heap after
Heap after GC invocations=24 (full 4):
 PSYoungGen      total 172544K, used 16871K [0x00000000e0000000, 0x00000000ec300000, 0x0000000100000000)
  eden space 155648K, 0% used [0x00000000e0000000,0x00000000e0000000,0x00000000e9800000)
  from space 16896K, 99% used [0x00000000eaa00000,0x00000000eba79ed8,0x00000000eba80000)
  to   space 18432K, 0% used [0x00000000e9800000,0x00000000e9800000,0x00000000eaa00000)
 ParOldGen       total 165376K, used 106771K [0x00000000a0000000, 0x00000000aa180000, 0x00000000e0000000)
  object space 165376K, 64% used [0x00000000a0000000,0x00000000a6844d48,0x00000000aa180000)
 Metaspace       used 64181K, capacity 66184K, committed 66560K, reserved 1107968K
  class space    used 8214K, capacity 8635K, committed 8704K, reserved 1048576K
}

Deoptimization events (10 events):
Event: 42.081 Thread 0x00000000186c6800 Uncommon trap: reason=unstable_if action=reinterpret pc=0x000000000452d350 method=java.util.concurrent.locks.ReentrantLock$FairSync.tryAcquire(I)Z @ 26
Event: 42.095 Thread 0x00000000186c8000 Uncommon trap: reason=class_check action=maybe_recompile pc=0x000000000503899c method=com.android.dx.ssa.SsaConverter.placePhiFunctions(Lcom/android/dx/ssa/SsaMethod;Lcom/android/dx/ssa/LocalVariableInfo;I)V @ 257
Event: 42.186 Thread 0x00000000186be800 Uncommon trap: reason=unstable_if action=reinterpret pc=0x000000000452e788 method=com.android.dx.dex.code.LocalList$MakeState.filterSpec(Lcom/android/dx/rop/code/RegisterSpec;)Lcom/android/dx/rop/code/RegisterSpec; @ 11
Event: 42.420 Thread 0x00000000186cd800 Uncommon trap: reason=class_check action=maybe_recompile pc=0x000000000503899c method=com.android.dx.ssa.SsaConverter.placePhiFunctions(Lcom/android/dx/ssa/SsaMethod;Lcom/android/dx/ssa/LocalVariableInfo;I)V @ 257
Event: 42.455 Thread 0x00000000186cd000 Uncommon trap: reason=class_check action=maybe_recompile pc=0x000000000503899c method=com.android.dx.ssa.SsaConverter.placePhiFunctions(Lcom/android/dx/ssa/SsaMethod;Lcom/android/dx/ssa/LocalVariableInfo;I)V @ 257
Event: 42.610 Thread 0x00000000186ce800 Uncommon trap: reason=class_check action=maybe_recompile pc=0x000000000503899c method=com.android.dx.ssa.SsaConverter.placePhiFunctions(Lcom/android/dx/ssa/SsaMethod;Lcom/android/dx/ssa/LocalVariableInfo;I)V @ 257
Event: 42.683 Thread 0x00000000186c5000 Uncommon trap: reason=unstable_if action=reinterpret pc=0x0000000004b9d420 method=com.android.dx.ssa.SsaMethod.getExitBlock()Lcom/android/dx/ssa/SsaBasicBlock; @ 4
Event: 42.683 Thread 0x00000000186c5000 Uncommon trap: reason=unstable_if action=reinterpret pc=0x00000000048aceb4 method=com.android.dx.ssa.SsaMethod.getExitBlock()Lcom/android/dx/ssa/SsaBasicBlock; @ 4
Event: 42.738 Thread 0x00000000186c7800 Uncommon trap: reason=unstable_if action=reinterpret pc=0x00000000045c7ee8 method=com.android.dx.dex.code.OutputFinisher.hasLocalInfo(Lcom/android/dx/dex/code/DalvInsn;)Z @ 24
Event: 43.126 Thread 0x00000000186ca000 Uncommon trap: reason=unstable_if action=reinterpret pc=0x0000000004c42e28 method=com.android.dx.cf.code.ExecutionStack.<init>(I)V @ 2

Internal exceptions (10 events):
Event: 38.132 Thread 0x00000000186c1800 Exception <a 'sun/nio/fs/WindowsException'> (0x00000000e46fe860) thrown at [C:\src\android\AOSP-openjdk\external\jetbrains\jdk\hotspot\src\share\vm\prims\jni.cpp, line 709]
Event: 38.676 Thread 0x000000001f350800 Implicit null exception at 0x0000000004c3deff to 0x0000000004c42a35
Event: 38.847 Thread 0x000000001c011000 Exception <a 'sun/nio/fs/WindowsException'> (0x00000000e0c60fc0) thrown at [C:\src\android\AOSP-openjdk\external\jetbrains\jdk\hotspot\src\share\vm\prims\jni.cpp, line 709]
Event: 39.636 Thread 0x00000000186c0800 Exception <a 'sun/nio/fs/WindowsException'> (0x00000000e0418020) thrown at [C:\src\android\AOSP-openjdk\external\jetbrains\jdk\hotspot\src\share\vm\prims\jni.cpp, line 709]
Event: 39.764 Thread 0x000000001f348000 Implicit null exception at 0x0000000004e43d5d to 0x0000000004e451d9
Event: 39.970 Thread 0x000000001c011000 Exception <a 'sun/nio/fs/WindowsException'> (0x00000000e3fe3180) thrown at [C:\src\android\AOSP-openjdk\external\jetbrains\jdk\hotspot\src\share\vm\prims\jni.cpp, line 709]
Event: 40.437 Thread 0x00000000186c0000 Exception <a 'sun/nio/fs/WindowsException'> (0x00000000e75454a8) thrown at [C:\src\android\AOSP-openjdk\external\jetbrains\jdk\hotspot\src\share\vm\prims\jni.cpp, line 709]
Event: 40.734 Thread 0x00000000186c1800 Exception <a 'sun/nio/fs/WindowsException'> (0x00000000e9698f78) thrown at [C:\src\android\AOSP-openjdk\external\jetbrains\jdk\hotspot\src\share\vm\prims\jni.cpp, line 709]
Event: 41.076 Thread 0x000000001c011000 Exception <a 'sun/nio/fs/WindowsException'> (0x00000000e01d7f88) thrown at [C:\src\android\AOSP-openjdk\external\jetbrains\jdk\hotspot\src\share\vm\prims\jni.cpp, line 709]
Event: 42.467 Thread 0x000000001c011000 Exception <a 'sun/nio/fs/WindowsException'> (0x00000000e82187c8) thrown at [C:\src\android\AOSP-openjdk\external\jetbrains\jdk\hotspot\src\share\vm\prims\jni.cpp, line 709]

Events (10 events):
Event: 43.494 Thread 0x00000000186c5000 DEOPT PACKING pc=0x0000000004cebf5d sp=0x000000002416dd50
Event: 43.494 Thread 0x00000000186c5000 DEOPT UNPACKING pc=0x0000000002bf75bf sp=0x000000002416db30 mode 0
Event: 43.505 Thread 0x00000000186c5000 DEOPT PACKING pc=0x0000000004cebf5d sp=0x000000002416dd50
Event: 43.505 Thread 0x00000000186c5000 DEOPT UNPACKING pc=0x0000000002bf75bf sp=0x000000002416db30 mode 0
Event: 43.509 Executing VM operation: RevokeBias
Event: 43.513 Executing VM operation: RevokeBias done
Event: 43.513 Executing VM operation: RevokeBias
Event: 43.514 Executing VM operation: RevokeBias done
Event: 43.516 Thread 0x00000000186bf000 DEOPT PACKING pc=0x0000000004cebf5d sp=0x000000002406ddb0
Event: 43.516 Thread 0x00000000186bf000 DEOPT UNPACKING pc=0x0000000002bf75bf sp=0x000000002406db90 mode 0


Dynamic libraries:
0x00007ff79a650000 - 0x00007ff79a681000 	C:\Program Files\Android\Android Studio\jre\bin\java.exe
0x00007ffd16430000 - 0x00007ffd16602000 	C:\WINDOWS\SYSTEM32\ntdll.dll
0x00007ffd13e80000 - 0x00007ffd13f2c000 	C:\WINDOWS\System32\KERNEL32.DLL
0x00007ffd12d00000 - 0x00007ffd12f1d000 	C:\WINDOWS\System32\KERNELBASE.dll
0x00007ffd139c0000 - 0x00007ffd13a62000 	C:\WINDOWS\System32\ADVAPI32.dll
0x00007ffd15e50000 - 0x00007ffd15eee000 	C:\WINDOWS\System32\msvcrt.dll
0x00007ffd15c60000 - 0x00007ffd15cb9000 	C:\WINDOWS\System32\sechost.dll
0x00007ffd13f30000 - 0x00007ffd14051000 	C:\WINDOWS\System32\RPCRT4.dll
0x00007ffd15620000 - 0x00007ffd15785000 	C:\WINDOWS\System32\USER32.dll
0x00007ffd13780000 - 0x00007ffd1379e000 	C:\WINDOWS\System32\win32u.dll
0x00007ffd163f0000 - 0x00007ffd16424000 	C:\WINDOWS\System32\GDI32.dll
0x00007ffd12ad0000 - 0x00007ffd12c50000 	C:\WINDOWS\System32\gdi32full.dll
0x00007ffd081e0000 - 0x00007ffd0845a000 	C:\WINDOWS\WinSxS\amd64_microsoft.windows.common-controls_6595b64144ccf1df_6.0.14393.953_none_42151e83c686086b\COMCTL32.dll
0x00007ffd13bb0000 - 0x00007ffd13e78000 	C:\WINDOWS\System32\combase.dll
0x00007ffd12930000 - 0x00007ffd12a25000 	C:\WINDOWS\System32\ucrtbase.dll
0x00007ffd12f20000 - 0x00007ffd12f8a000 	C:\WINDOWS\System32\bcryptPrimitives.dll
0x00007ffd15dc0000 - 0x00007ffd15dee000 	C:\WINDOWS\System32\IMM32.DLL
0x000000005f320000 - 0x000000005f3f2000 	C:\Program Files\Android\Android Studio\jre\jre\bin\msvcr100.dll
0x000000005e260000 - 0x000000005ea94000 	C:\Program Files\Android\Android Studio\jre\jre\bin\server\jvm.dll
0x00007ffd140f0000 - 0x00007ffd140f8000 	C:\WINDOWS\System32\PSAPI.DLL
0x00007ffd026d0000 - 0x00007ffd026d9000 	C:\WINDOWS\SYSTEM32\WSOCK32.dll
0x00007ffd10c90000 - 0x00007ffd10cb3000 	C:\WINDOWS\SYSTEM32\WINMM.dll
0x00007ffd16380000 - 0x00007ffd163ea000 	C:\WINDOWS\System32\WS2_32.dll
0x00007ffd0bb10000 - 0x00007ffd0bb1a000 	C:\WINDOWS\SYSTEM32\VERSION.dll
0x00007ffd10c60000 - 0x00007ffd10c8b000 	C:\WINDOWS\SYSTEM32\WINMMBASE.dll
0x00007ffd13970000 - 0x00007ffd139b2000 	C:\WINDOWS\System32\cfgmgr32.dll
0x00007ffd10b10000 - 0x00007ffd10b1f000 	C:\Program Files\Android\Android Studio\jre\jre\bin\verify.dll
0x00007ffcfc970000 - 0x00007ffcfc999000 	C:\Program Files\Android\Android Studio\jre\jre\bin\java.dll
0x00007ffd04290000 - 0x00007ffd042a6000 	C:\Program Files\Android\Android Studio\jre\jre\bin\zip.dll
0x00007ffd14100000 - 0x00007ffd15608000 	C:\WINDOWS\System32\SHELL32.dll
0x00007ffd12f90000 - 0x00007ffd1366a000 	C:\WINDOWS\System32\windows.storage.dll
0x00007ffd128c0000 - 0x00007ffd1290c000 	C:\WINDOWS\System32\powrprof.dll
0x00007ffd16320000 - 0x00007ffd16372000 	C:\WINDOWS\System32\shlwapi.dll
0x00007ffd12920000 - 0x00007ffd1292f000 	C:\WINDOWS\System32\kernel.appcore.dll
0x00007ffd13670000 - 0x00007ffd13719000 	C:\WINDOWS\System32\shcore.dll
0x00007ffd128a0000 - 0x00007ffd128b4000 	C:\WINDOWS\System32\profapi.dll
0x00007ffcfc510000 - 0x00007ffcfc52a000 	C:\Program Files\Android\Android Studio\jre\jre\bin\net.dll
0x00007ffd121d0000 - 0x00007ffd1222c000 	C:\WINDOWS\system32\mswsock.dll
0x00007ffcfc0f0000 - 0x00007ffcfc101000 	C:\Program Files\Android\Android Studio\jre\jre\bin\nio.dll
0x00007ffd085f0000 - 0x00007ffd0860e000 	C:\Users\Huu Ty\.gradle\native\23\windows-amd64\native-platform.dll
0x00007ffd12370000 - 0x00007ffd12387000 	C:\WINDOWS\SYSTEM32\CRYPTSP.dll
0x00007ffd11dd0000 - 0x00007ffd11e03000 	C:\WINDOWS\system32\rsaenh.dll
0x00007ffd12480000 - 0x00007ffd124ab000 	C:\WINDOWS\SYSTEM32\bcrypt.dll
0x00007ffd12050000 - 0x00007ffd1206f000 	C:\WINDOWS\SYSTEM32\USERENV.dll
0x00007ffd12390000 - 0x00007ffd1239b000 	C:\WINDOWS\SYSTEM32\CRYPTBASE.dll
0x00007ffd11f50000 - 0x00007ffd11f88000 	C:\WINDOWS\SYSTEM32\IPHLPAPI.DLL
0x00007ffd15610000 - 0x00007ffd15618000 	C:\WINDOWS\System32\NSI.dll
0x00007ffd0d950000 - 0x00007ffd0d966000 	C:\WINDOWS\SYSTEM32\dhcpcsvc6.DLL
0x00007ffd0d8b0000 - 0x00007ffd0d8ca000 	C:\WINDOWS\SYSTEM32\dhcpcsvc.DLL
0x00007ffd049e0000 - 0x00007ffd049ed000 	C:\Program Files\Android\Android Studio\jre\jre\bin\management.dll
0x00007ffd115e0000 - 0x00007ffd11612000 	C:\WINDOWS\SYSTEM32\ntmarta.dll

VM Arguments:
jvm_args: -Xmx1536m -Dfile.encoding=windows-1252 -Duser.country=US -Duser.language=en -Duser.variant 
java_command: org.gradle.launcher.daemon.bootstrap.GradleDaemon 3.3
java_class_path (initial): C:\Users\Huu Ty\.gradle\wrapper\dists\gradle-3.3-all\55gk2rcmfc6p2dg9u9ohc3hw9\gradle-3.3\lib\gradle-launcher-3.3.jar
Launcher Type: SUN_STANDARD

Environment Variables:
USERNAME=Huu Ty
OS=Windows_NT
PROCESSOR_IDENTIFIER=Intel64 Family 6 Model 61 Stepping 4, GenuineIntel



---------------  S Y S T E M  ---------------

OS: Windows 10.0 , 64 bit Build 14393 (10.0.14393.1198)

CPU:total 4 (2 cores per cpu, 2 threads per core) family 6 model 61 stepping 4, cmov, cx8, fxsr, mmx, sse, sse2, sse3, ssse3, sse4.1, sse4.2, popcnt, avx, avx2, aes, clmul, erms, 3dnowpref, lzcnt, ht, tsc, tscinvbit, bmi1, bmi2, adx

Memory: 4k page, physical 8301008k(656000k free), swap 8301008k(5748k free)

vm_info: OpenJDK 64-Bit Server VM (25.76-b03) for windows-amd64 JRE (1.8.0_76-release-b03), built on Jun 29 2016 19:09:20 by "ralucas" with MS VC++ 10.0 (VS2010)

time: Mon Sep 25 20:57:03 2017
elapsed time: 43 seconds (0d 0h 0m 43s)

